<?xml version="1.0" encoding="UTF-8" standalone="no"?>
<testsuite errors="0" failures="1" name="io.cucumber.core.plugin.JUnitFormatter" skipped="0" tests="1" time="24.942">
    <testcase classname="US1002_Amazon Arama Testi" name="TC04 kullanıcı amazonda Apple aramasi yapar" time="24.171">
        <failure message="" type="java.lang.AssertionError">
            <![CDATA[Given Kullanici amazon anasayfaya gider.....................................passed
Then arama kutusuna Apple yazip aratir......................................passed
Then sonuclarin Apple içerdiigni test eder..................................failed
And Sayfayi kapatir.........................................................skipped

StackTrace:
java.lang.AssertionError
	at org.junit.Assert.fail(Assert.java:87)
	at org.junit.Assert.assertTrue(Assert.java:42)
	at org.junit.Assert.assertTrue(Assert.java:53)
	at stepdefinitions.AmazonStepDefinitions.sonuclarin_apple_icerdigini_test_eder(AmazonStepDefinitions.java:69)
	at ✽.sonuclarin Apple içerdiigni test eder(file:///C:/Users/mesut/IdeaProjects/com.CucumberFall2022/src/test/resources/features/US1002_AmazonAramaTesti.feature:24)
]]>
        </failure>
    </testcase>
</testsuite>
